
Showing logs for build [32mcb-kubecd-environment-pr-199-93-2nk8q-1[0m stage [32mfrom-build-pack[0m and container [32mstep-credential-initializer-6f259[0m
{"level":"warn","ts":1586704824.5434825,"logger":"fallback-logger","caller":"logging/config.go:69","msg":"Fetch GitHub commit ID from kodata failed: \"ref: refs/heads/0.8.0-**-support-backwards-incompats\" is not a valid GitHub commit ID"}
{"level":"info","ts":1586704824.5440273,"logger":"fallback-logger","caller":"creds-init/main.go:40","msg":"Credentials initialized."}

Showing logs for build [32mcb-kubecd-environment-pr-199-93-2nk8q-1[0m stage [32mfrom-build-pack[0m and container [32mstep-working-dir-initializer-wgfc9[0m
{"level":"warn","ts":1586704825.2195375,"logger":"fallback-logger","caller":"logging/config.go:69","msg":"Fetch GitHub commit ID from kodata failed: open /var/run/ko/HEAD: no such file or directory"}
{"level":"info","ts":1586704825.220977,"logger":"fallback-logger","caller":"bash/main.go:64","msg":"Successfully executed command \"sh -c mkdir -p /workspace/source\"; output "}

Showing logs for build [32mcb-kubecd-environment-pr-199-93-2nk8q-1[0m stage [32mfrom-build-pack[0m and container [32mstep-place-tools[0m

Showing logs for build [32mcb-kubecd-environment-pr-199-93-2nk8q-1[0m stage [32mfrom-build-pack[0m and container [32mstep-git-source-cb-kubecd-environment-pr-199-93-2nk8q-25gdn[0m
{"level":"warn","ts":1586704829.3561716,"logger":"fallback-logger","caller":"logging/config.go:69","msg":"Fetch GitHub commit ID from kodata failed: \"ref: refs/heads/0.8.0-**-support-backwards-incompats\" is not a valid GitHub commit ID"}
{"level":"info","ts":1586704830.4533324,"logger":"fallback-logger","caller":"git/git.go:103","msg":"Successfully cloned https://github.com/cb-kubecd/environment-pr-199-93-boot-gke-staging.git @ master in path /workspace/source"}

Showing logs for build [32mcb-kubecd-environment-pr-199-93-2nk8q-1[0m stage [32mfrom-build-pack[0m and container [32mstep-git-merge[0m
Using SHAs from PULL_REFS=master:7029d2d27958de6ea15d39196f37f1acb9e2622c,4:c16438a36a7c37486c34e06c0f59c07cb05c3529
DEBUG: JX_LOG_LEVEL=error LC_ALL=C git fetch origin --unshallow c16438a36a7c37486c34e06c0f59c07cb05c3529: 7029d2d27958de6ea15d39196f37f1acb9e2622c:
DEBUG: ran git fetch --unshallow origin c16438a36a7c37486c34e06c0f59c07cb05c3529: 7029d2d27958de6ea15d39196f37f1acb9e2622c: in 
DEBUG: LC_ALL=C JX_LOG_LEVEL=error git branch
DEBUG: JX_LOG_LEVEL=error LC_ALL=C git checkout master
DEBUG: ran git checkout master in 
DEBUG: LC_ALL=C JX_LOG_LEVEL=error git reset --hard 7029d2d27958de6ea15d39196f37f1acb9e2622c
DEBUG: ran git reset --hard 7029d2d27958de6ea15d39196f37f1acb9e2622c in 
DEBUG: LC_ALL=C JX_LOG_LEVEL=error git clean -fd .
DEBUG: ran clean --force -d . in 
DEBUG: LC_ALL=C JX_LOG_LEVEL=error git merge c16438a36a7c37486c34e06c0f59c07cb05c3529
DEBUG: ran git merge c16438a36a7c37486c34e06c0f59c07cb05c3529 in 
DEBUG: LC_ALL=C JX_LOG_LEVEL=error git log --format=%H%x1f%an%x1f%ae%x1f%cn%x1f%ce%x1f%s%n%b%x1e 7029d2d27958de6ea15d39196f37f1acb9e2622c..HEAD
Merged SHA c16438a36a7c37486c34e06c0f59c07cb05c3529 with commit message 'chore: Promote bdd-nh-1586702940 to version 0.0.1' into base branch master

Showing logs for build [32mcb-kubecd-environment-pr-199-93-2nk8q-1[0m stage [32mfrom-build-pack[0m and container [32mstep-build-helm-build[0m
WARNING: No $CHART_REPOSITORY defined so using the default value of: http://jenkins-x-chartmuseum:8080
Adding missing Helm repo: storage.googleapis.com https://storage.googleapis.com/chartmuseum.jenkins-x.io
WARNING: No secrets found on "helm/repos" due: reading the secret "helm/repos" from vault: no secret "helm/repos" not found in vault
Read credentials for https://storage.googleapis.com/chartmuseum.jenkins-x.io from vault helm/repos
Successfully added Helm repository storage.googleapis.com.
Adding missing Helm repo: jenkins-x-chartmuseum http://jenkins-x-chartmuseum:8080
WARNING: No secrets found on "helm/repos" due: reading the secret "helm/repos" from vault: no secret "helm/repos" not found in vault
Read credentials for http://jenkins-x-chartmuseum:8080 from vault helm/repos
Successfully added Helm repository jenkins-x-chartmuseum.
WARNING: No $CHART_REPOSITORY defined so using the default value of: http://jenkins-x-chartmuseum:8080
Adding missing Helm repo: chartmuseum.jenkins-x.io http://chartmuseum.jenkins-x.io
WARNING: No secrets found on "helm/repos" due: reading the secret "helm/repos" from vault: no secret "helm/repos" not found in vault
Read credentials for http://chartmuseum.jenkins-x.io from vault helm/repos
Successfully added Helm repository chartmuseum.jenkins-x.io.
