
Showing logs for build [32mcb-kubecd-environment-pr-199-93-pzkmv-1[0m stage [32mfrom-build-pack[0m and container [32mstep-credential-initializer-rjwfr[0m
{"level":"warn","ts":1586705456.6466231,"logger":"fallback-logger","caller":"logging/config.go:69","msg":"Fetch GitHub commit ID from kodata failed: \"ref: refs/heads/0.8.0-**-support-backwards-incompats\" is not a valid GitHub commit ID"}
{"level":"info","ts":1586705456.6474164,"logger":"fallback-logger","caller":"creds-init/main.go:40","msg":"Credentials initialized."}

Showing logs for build [32mcb-kubecd-environment-pr-199-93-pzkmv-1[0m stage [32mfrom-build-pack[0m and container [32mstep-working-dir-initializer-s7wjm[0m
{"level":"warn","ts":1586705457.6662977,"logger":"fallback-logger","caller":"logging/config.go:69","msg":"Fetch GitHub commit ID from kodata failed: open /var/run/ko/HEAD: no such file or directory"}
{"level":"info","ts":1586705457.6679432,"logger":"fallback-logger","caller":"bash/main.go:64","msg":"Successfully executed command \"sh -c mkdir -p /workspace/source\"; output "}

Showing logs for build [32mcb-kubecd-environment-pr-199-93-pzkmv-1[0m stage [32mfrom-build-pack[0m and container [32mstep-place-tools[0m

Showing logs for build [32mcb-kubecd-environment-pr-199-93-pzkmv-1[0m stage [32mfrom-build-pack[0m and container [32mstep-git-source-cb-kubecd-environment-pr-199-93-pzkmv-8n9bm[0m
{"level":"warn","ts":1586705464.234116,"logger":"fallback-logger","caller":"logging/config.go:69","msg":"Fetch GitHub commit ID from kodata failed: \"ref: refs/heads/0.8.0-**-support-backwards-incompats\" is not a valid GitHub commit ID"}
{"level":"info","ts":1586705465.28661,"logger":"fallback-logger","caller":"git/git.go:103","msg":"Successfully cloned https://github.com/cb-kubecd/environment-pr-199-93-boot-gke-staging.git @ master in path /workspace/source"}

Showing logs for build [32mcb-kubecd-environment-pr-199-93-pzkmv-1[0m stage [32mfrom-build-pack[0m and container [32mstep-git-merge[0m
Using SHAs from PULL_REFS=master:65ed6a4c55b8bc738eff4c235e6b8bdb88539b0e,5:d0d1615cbc2d5c6170e6a3247d86f3b24c34d06a
DEBUG: LC_ALL=C JX_LOG_LEVEL=error git fetch origin --unshallow d0d1615cbc2d5c6170e6a3247d86f3b24c34d06a: 65ed6a4c55b8bc738eff4c235e6b8bdb88539b0e:
DEBUG: ran git fetch --unshallow origin d0d1615cbc2d5c6170e6a3247d86f3b24c34d06a: 65ed6a4c55b8bc738eff4c235e6b8bdb88539b0e: in 
DEBUG: LC_ALL=C JX_LOG_LEVEL=error git branch
DEBUG: LC_ALL=C JX_LOG_LEVEL=error git checkout master
DEBUG: ran git checkout master in 
DEBUG: LC_ALL=C JX_LOG_LEVEL=error git reset --hard 65ed6a4c55b8bc738eff4c235e6b8bdb88539b0e
DEBUG: ran git reset --hard 65ed6a4c55b8bc738eff4c235e6b8bdb88539b0e in 
DEBUG: LC_ALL=C JX_LOG_LEVEL=error git clean -fd .
DEBUG: ran clean --force -d . in 
DEBUG: LC_ALL=C JX_LOG_LEVEL=error git merge d0d1615cbc2d5c6170e6a3247d86f3b24c34d06a
DEBUG: ran git merge d0d1615cbc2d5c6170e6a3247d86f3b24c34d06a in 
DEBUG: LC_ALL=C JX_LOG_LEVEL=error git log --format=%H%x1f%an%x1f%ae%x1f%cn%x1f%ce%x1f%s%n%b%x1e 65ed6a4c55b8bc738eff4c235e6b8bdb88539b0e..HEAD
Merged SHA d0d1615cbc2d5c6170e6a3247d86f3b24c34d06a with commit message 'chore: Promote bdd-nh-import-1586705288 to version 0.0.1' into base branch master

Showing logs for build [32mcb-kubecd-environment-pr-199-93-pzkmv-1[0m stage [32mfrom-build-pack[0m and container [32mstep-build-helm-build[0m
WARNING: No $CHART_REPOSITORY defined so using the default value of: http://jenkins-x-chartmuseum:8080
Adding missing Helm repo: storage.googleapis.com https://storage.googleapis.com/chartmuseum.jenkins-x.io
WARNING: No secrets found on "helm/repos" due: reading the secret "helm/repos" from vault: no secret "helm/repos" not found in vault
Read credentials for https://storage.googleapis.com/chartmuseum.jenkins-x.io from vault helm/repos
Successfully added Helm repository storage.googleapis.com.
Adding missing Helm repo: jenkins-x-chartmuseum http://jenkins-x-chartmuseum:8080
WARNING: No secrets found on "helm/repos" due: reading the secret "helm/repos" from vault: no secret "helm/repos" not found in vault
Read credentials for http://jenkins-x-chartmuseum:8080 from vault helm/repos
Successfully added Helm repository jenkins-x-chartmuseum.
WARNING: No $CHART_REPOSITORY defined so using the default value of: http://jenkins-x-chartmuseum:8080
Adding missing Helm repo: chartmuseum.jenkins-x.io http://chartmuseum.jenkins-x.io
WARNING: No secrets found on "helm/repos" due: reading the secret "helm/repos" from vault: no secret "helm/repos" not found in vault
Read credentials for http://chartmuseum.jenkins-x.io from vault helm/repos
Successfully added Helm repository chartmuseum.jenkins-x.io.
