
Showing logs for build [32mcb-kubecd-environment-pr-199-93-tsdz5-1[0m stage [32mfrom-build-pack[0m and container [32mstep-credential-initializer-ftgxc[0m
{"level":"warn","ts":1586707219.819678,"logger":"fallback-logger","caller":"logging/config.go:69","msg":"Fetch GitHub commit ID from kodata failed: \"ref: refs/heads/0.8.0-**-support-backwards-incompats\" is not a valid GitHub commit ID"}
{"level":"info","ts":1586707219.8202386,"logger":"fallback-logger","caller":"creds-init/main.go:40","msg":"Credentials initialized."}

Showing logs for build [32mcb-kubecd-environment-pr-199-93-tsdz5-1[0m stage [32mfrom-build-pack[0m and container [32mstep-working-dir-initializer-pb49m[0m
{"level":"warn","ts":1586707220.789761,"logger":"fallback-logger","caller":"logging/config.go:69","msg":"Fetch GitHub commit ID from kodata failed: open /var/run/ko/HEAD: no such file or directory"}
{"level":"info","ts":1586707220.7912986,"logger":"fallback-logger","caller":"bash/main.go:64","msg":"Successfully executed command \"sh -c mkdir -p /workspace/source\"; output "}

Showing logs for build [32mcb-kubecd-environment-pr-199-93-tsdz5-1[0m stage [32mfrom-build-pack[0m and container [32mstep-place-tools[0m

Showing logs for build [32mcb-kubecd-environment-pr-199-93-tsdz5-1[0m stage [32mfrom-build-pack[0m and container [32mstep-git-source-cb-kubecd-environment-pr-199-93-tsdz5-7s9vh[0m
{"level":"warn","ts":1586707225.9922817,"logger":"fallback-logger","caller":"logging/config.go:69","msg":"Fetch GitHub commit ID from kodata failed: \"ref: refs/heads/0.8.0-**-support-backwards-incompats\" is not a valid GitHub commit ID"}
{"level":"info","ts":1586707227.240786,"logger":"fallback-logger","caller":"git/git.go:103","msg":"Successfully cloned https://github.com/cb-kubecd/environment-pr-199-93-boot-gke-staging.git @ master in path /workspace/source"}

Showing logs for build [32mcb-kubecd-environment-pr-199-93-tsdz5-1[0m stage [32mfrom-build-pack[0m and container [32mstep-git-merge[0m
Using SHAs from PULL_REFS=master:57b06eed79439900a69242cb0cd0be5181c81415,8:b1d92a8b3a763cdd96020e41c1be6e061ed2af30
DEBUG: LC_ALL=C JX_LOG_LEVEL=error git fetch origin --unshallow b1d92a8b3a763cdd96020e41c1be6e061ed2af30: 57b06eed79439900a69242cb0cd0be5181c81415:
DEBUG: ran git fetch --unshallow origin b1d92a8b3a763cdd96020e41c1be6e061ed2af30: 57b06eed79439900a69242cb0cd0be5181c81415: in 
DEBUG: JX_LOG_LEVEL=error LC_ALL=C git branch
DEBUG: LC_ALL=C JX_LOG_LEVEL=error git checkout master
DEBUG: ran git checkout master in 
DEBUG: LC_ALL=C JX_LOG_LEVEL=error git reset --hard 57b06eed79439900a69242cb0cd0be5181c81415
DEBUG: ran git reset --hard 57b06eed79439900a69242cb0cd0be5181c81415 in 
DEBUG: LC_ALL=C JX_LOG_LEVEL=error git clean -fd .
DEBUG: ran clean --force -d . in 
DEBUG: LC_ALL=C JX_LOG_LEVEL=error git merge b1d92a8b3a763cdd96020e41c1be6e061ed2af30
DEBUG: ran git merge b1d92a8b3a763cdd96020e41c1be6e061ed2af30 in 
DEBUG: JX_LOG_LEVEL=error LC_ALL=C git log --format=%H%x1f%an%x1f%ae%x1f%cn%x1f%ce%x1f%s%n%b%x1e 57b06eed79439900a69242cb0cd0be5181c81415..HEAD
Merged SHA b1d92a8b3a763cdd96020e41c1be6e061ed2af30 with commit message 'chore: Promote bdd-sbhg-import-1586705288 to version 0.0.1' into base branch master

Showing logs for build [32mcb-kubecd-environment-pr-199-93-tsdz5-1[0m stage [32mfrom-build-pack[0m and container [32mstep-build-helm-build[0m
WARNING: No $CHART_REPOSITORY defined so using the default value of: http://jenkins-x-chartmuseum:8080
Adding missing Helm repo: storage.googleapis.com https://storage.googleapis.com/chartmuseum.jenkins-x.io
WARNING: No secrets found on "helm/repos" due: reading the secret "helm/repos" from vault: no secret "helm/repos" not found in vault
Read credentials for https://storage.googleapis.com/chartmuseum.jenkins-x.io from vault helm/repos
Successfully added Helm repository storage.googleapis.com.
Adding missing Helm repo: jenkins-x-chartmuseum http://jenkins-x-chartmuseum:8080
WARNING: No secrets found on "helm/repos" due: reading the secret "helm/repos" from vault: no secret "helm/repos" not found in vault
Read credentials for http://jenkins-x-chartmuseum:8080 from vault helm/repos
Successfully added Helm repository jenkins-x-chartmuseum.
WARNING: No $CHART_REPOSITORY defined so using the default value of: http://jenkins-x-chartmuseum:8080
Adding missing Helm repo: chartmuseum.jenkins-x.io http://chartmuseum.jenkins-x.io
WARNING: No secrets found on "helm/repos" due: reading the secret "helm/repos" from vault: no secret "helm/repos" not found in vault
Read credentials for http://chartmuseum.jenkins-x.io from vault helm/repos
Successfully added Helm repository chartmuseum.jenkins-x.io.
