
Showing logs for build [32mcb-kubecd-environment-pr-199-93-f7s6h-2[0m stage [32mfrom-build-pack[0m and container [32mstep-credential-initializer-lmhsw[0m
{"level":"warn","ts":1586701997.928257,"logger":"fallback-logger","caller":"logging/config.go:69","msg":"Fetch GitHub commit ID from kodata failed: \"ref: refs/heads/0.8.0-**-support-backwards-incompats\" is not a valid GitHub commit ID"}
{"level":"info","ts":1586701997.9354281,"logger":"fallback-logger","caller":"creds-init/main.go:40","msg":"Credentials initialized."}

Showing logs for build [32mcb-kubecd-environment-pr-199-93-f7s6h-2[0m stage [32mfrom-build-pack[0m and container [32mstep-working-dir-initializer-j49mx[0m
{"level":"warn","ts":1586701998.7510183,"logger":"fallback-logger","caller":"logging/config.go:69","msg":"Fetch GitHub commit ID from kodata failed: open /var/run/ko/HEAD: no such file or directory"}
{"level":"info","ts":1586701998.7528424,"logger":"fallback-logger","caller":"bash/main.go:64","msg":"Successfully executed command \"sh -c mkdir -p /workspace/source\"; output "}

Showing logs for build [32mcb-kubecd-environment-pr-199-93-f7s6h-2[0m stage [32mfrom-build-pack[0m and container [32mstep-place-tools[0m

Showing logs for build [32mcb-kubecd-environment-pr-199-93-f7s6h-2[0m stage [32mfrom-build-pack[0m and container [32mstep-git-source-cb-kubecd-environment-pr-199-93-f7s6h-8cjh4[0m
{"level":"warn","ts":1586702005.408657,"logger":"fallback-logger","caller":"logging/config.go:69","msg":"Fetch GitHub commit ID from kodata failed: \"ref: refs/heads/0.8.0-**-support-backwards-incompats\" is not a valid GitHub commit ID"}
{"level":"info","ts":1586702006.4439213,"logger":"fallback-logger","caller":"git/git.go:103","msg":"Successfully cloned https://github.com/cb-kubecd/environment-pr-199-93-boot-gke-staging.git @ master in path /workspace/source"}

Showing logs for build [32mcb-kubecd-environment-pr-199-93-f7s6h-2[0m stage [32mfrom-build-pack[0m and container [32mstep-git-merge[0m
Using SHAs from PULL_REFS=master:8c5bc1062dea81f28046fd86aa29415a8f082e63,1:c182308f8a3d532a607fb98a62f7284a0ba34f6f
DEBUG: LC_ALL=C JX_LOG_LEVEL=error git fetch origin --unshallow c182308f8a3d532a607fb98a62f7284a0ba34f6f: 8c5bc1062dea81f28046fd86aa29415a8f082e63:
DEBUG: ran git fetch --unshallow origin c182308f8a3d532a607fb98a62f7284a0ba34f6f: 8c5bc1062dea81f28046fd86aa29415a8f082e63: in 
DEBUG: LC_ALL=C JX_LOG_LEVEL=error git branch
DEBUG: LC_ALL=C JX_LOG_LEVEL=error git checkout master
DEBUG: ran git checkout master in 
DEBUG: JX_LOG_LEVEL=error LC_ALL=C git reset --hard 8c5bc1062dea81f28046fd86aa29415a8f082e63
DEBUG: ran git reset --hard 8c5bc1062dea81f28046fd86aa29415a8f082e63 in 
DEBUG: LC_ALL=C JX_LOG_LEVEL=error git clean -fd .
DEBUG: ran clean --force -d . in 
DEBUG: JX_LOG_LEVEL=error LC_ALL=C git merge c182308f8a3d532a607fb98a62f7284a0ba34f6f
DEBUG: ran git merge c182308f8a3d532a607fb98a62f7284a0ba34f6f in 
DEBUG: LC_ALL=C JX_LOG_LEVEL=error git log --format=%H%x1f%an%x1f%ae%x1f%cn%x1f%ce%x1f%s%n%b%x1e 8c5bc1062dea81f28046fd86aa29415a8f082e63..HEAD
Merged SHA c182308f8a3d532a607fb98a62f7284a0ba34f6f with commit message 'chore: Promote bdd-spring-1586701638 to version 0.0.1' into base branch master

Showing logs for build [32mcb-kubecd-environment-pr-199-93-f7s6h-2[0m stage [32mfrom-build-pack[0m and container [32mstep-build-helm-build[0m
WARNING: No $CHART_REPOSITORY defined so using the default value of: http://jenkins-x-chartmuseum:8080
Adding missing Helm repo: storage.googleapis.com https://storage.googleapis.com/chartmuseum.jenkins-x.io
WARNING: No secrets found on "helm/repos" due: reading the secret "helm/repos" from vault: no secret "helm/repos" not found in vault
Read credentials for https://storage.googleapis.com/chartmuseum.jenkins-x.io from vault helm/repos
Successfully added Helm repository storage.googleapis.com.
Adding missing Helm repo: jenkins-x-chartmuseum http://jenkins-x-chartmuseum:8080
WARNING: No secrets found on "helm/repos" due: reading the secret "helm/repos" from vault: no secret "helm/repos" not found in vault
Read credentials for http://jenkins-x-chartmuseum:8080 from vault helm/repos
Successfully added Helm repository jenkins-x-chartmuseum.
WARNING: No $CHART_REPOSITORY defined so using the default value of: http://jenkins-x-chartmuseum:8080
Adding missing Helm repo: chartmuseum.jenkins-x.io http://chartmuseum.jenkins-x.io
WARNING: No secrets found on "helm/repos" due: reading the secret "helm/repos" from vault: no secret "helm/repos" not found in vault
Read credentials for http://chartmuseum.jenkins-x.io from vault helm/repos
Successfully added Helm repository chartmuseum.jenkins-x.io.
